<?xml version="1.0" encoding="UTF-8"?>
<testng-results ignored="0" total="12" passed="12" failed="0" skipped="0">
  <reporter-output>
  </reporter-output>
  <suite started-at="2025-05-10T15:56:33 IST" name="Default suite" finished-at="2025-05-10T15:58:41 IST" duration-ms="127410">
    <groups>
    </groups>
    <test started-at="2025-05-10T15:56:33 IST" name="Default test" finished-at="2025-05-10T15:58:41 IST" duration-ms="127410">
      <class name="com.emp.in.test.EmployeeHrTest">
        <test-method is-config="true" signature="setup()[pri:0, instance:com.emp.in.test.EmployeeHrTest@73eb439a]" started-at="2025-05-10T15:56:33 IST" name="setup" finished-at="2025-05-10T15:56:40 IST" duration-ms="6402" status="PASS">
          <reporter-output>
          </reporter-output>
        </test-method> <!-- setup -->
        <test-method signature="loginTest()[pri:1, instance:com.emp.in.test.EmployeeHrTest@73eb439a]" started-at="2025-05-10T15:56:40 IST" name="loginTest" finished-at="2025-05-10T15:57:01 IST" duration-ms="21144" status="PASS">
          <reporter-output>
          </reporter-output>
        </test-method> <!-- loginTest -->
        <test-method signature="dashboardTest()[pri:2, instance:com.emp.in.test.EmployeeHrTest@73eb439a]" started-at="2025-05-10T15:57:01 IST" name="dashboardTest" finished-at="2025-05-10T15:57:06 IST" duration-ms="4726" status="PASS">
          <reporter-output>
          </reporter-output>
        </test-method> <!-- dashboardTest -->
        <test-method signature="updateDashboardTest()[pri:3, instance:com.emp.in.test.EmployeeHrTest@73eb439a]" started-at="2025-05-10T15:57:06 IST" name="updateDashboardTest" finished-at="2025-05-10T15:57:13 IST" duration-ms="7518" status="PASS">
          <reporter-output>
          </reporter-output>
        </test-method> <!-- updateDashboardTest -->
        <test-method signature="deleteDashboardTest()[pri:4, instance:com.emp.in.test.EmployeeHrTest@73eb439a]" started-at="2025-05-10T15:57:13 IST" name="deleteDashboardTest" finished-at="2025-05-10T15:57:20 IST" duration-ms="7156" status="PASS">
          <reporter-output>
          </reporter-output>
        </test-method> <!-- deleteDashboardTest -->
        <test-method signature="departmentTest()[pri:5, instance:com.emp.in.test.EmployeeHrTest@73eb439a]" started-at="2025-05-10T15:57:20 IST" name="departmentTest" finished-at="2025-05-10T15:57:26 IST" duration-ms="5761" status="PASS">
          <reporter-output>
          </reporter-output>
        </test-method> <!-- departmentTest -->
        <test-method signature="payrollTest()[pri:6, instance:com.emp.in.test.EmployeeHrTest@73eb439a]" started-at="2025-05-10T15:57:26 IST" name="payrollTest" finished-at="2025-05-10T15:57:31 IST" duration-ms="5155" status="PASS">
          <reporter-output>
          </reporter-output>
        </test-method> <!-- payrollTest -->
        <test-method signature="massengerTest()[pri:7, instance:com.emp.in.test.EmployeeHrTest@73eb439a]" started-at="2025-05-10T15:57:31 IST" name="massengerTest" finished-at="2025-05-10T15:57:39 IST" duration-ms="7597" status="PASS">
          <reporter-output>
          </reporter-output>
        </test-method> <!-- massengerTest -->
        <test-method signature="holidayTest()[pri:8, instance:com.emp.in.test.EmployeeHrTest@73eb439a]" started-at="2025-05-10T15:57:39 IST" name="holidayTest" finished-at="2025-05-10T15:57:49 IST" duration-ms="10555" status="PASS">
          <reporter-output>
          </reporter-output>
        </test-method> <!-- holidayTest -->
        <test-method signature="settingTest()[pri:9, instance:com.emp.in.test.EmployeeHrTest@73eb439a]" started-at="2025-05-10T15:57:49 IST" name="settingTest" finished-at="2025-05-10T15:57:54 IST" duration-ms="5200" status="PASS">
          <reporter-output>
          </reporter-output>
        </test-method> <!-- settingTest -->
        <test-method signature="leaveTest1()[pri:10, instance:com.emp.in.test.EmployeeHrTest@73eb439a]" started-at="2025-05-10T15:57:54 IST" name="leaveTest1" finished-at="2025-05-10T15:58:02 IST" duration-ms="7504" status="PASS">
          <reporter-output>
          </reporter-output>
        </test-method> <!-- leaveTest1 -->
        <test-method signature="leaveTest2()[pri:11, instance:com.emp.in.test.EmployeeHrTest@73eb439a]" started-at="2025-05-10T15:58:02 IST" name="leaveTest2" finished-at="2025-05-10T15:58:18 IST" duration-ms="16033" status="PASS">
          <reporter-output>
          </reporter-output>
        </test-method> <!-- leaveTest2 -->
        <test-method signature="leaveTest3()[pri:12, instance:com.emp.in.test.EmployeeHrTest@73eb439a]" started-at="2025-05-10T15:58:18 IST" name="leaveTest3" finished-at="2025-05-10T15:58:41 IST" duration-ms="22499" status="PASS">
          <reporter-output>
          </reporter-output>
        </test-method> <!-- leaveTest3 -->
        <test-method is-config="true" signature="tearDown()[pri:0, instance:com.emp.in.test.EmployeeHrTest@73eb439a]" started-at="2025-05-10T15:58:41 IST" name="tearDown" finished-at="2025-05-10T15:58:41 IST" duration-ms="0" status="PASS">
          <reporter-output>
          </reporter-output>
        </test-method> <!-- tearDown -->
      </class> <!-- com.emp.in.test.EmployeeHrTest -->
    </test> <!-- Default test -->
  </suite> <!-- Default suite -->
</testng-results>
