<?xml version="1.0" encoding="UTF-8"?>
<testng-results ignored="0" total="12" passed="12" failed="0" skipped="0">
  <reporter-output>
  </reporter-output>
  <suite started-at="2025-05-12T12:14:51 IST" name="Default suite" finished-at="2025-05-12T12:17:03 IST" duration-ms="132386">
    <groups>
    </groups>
    <test started-at="2025-05-12T12:14:51 IST" name="Default test" finished-at="2025-05-12T12:17:03 IST" duration-ms="132386">
      <class name="com.emp.in.test.EmployeeHrTest">
        <test-method is-config="true" signature="setup()[pri:0, instance:com.emp.in.test.EmployeeHrTest@73eb439a]" started-at="2025-05-12T12:14:51 IST" name="setup" finished-at="2025-05-12T12:15:01 IST" duration-ms="9934" status="PASS">
          <reporter-output>
          </reporter-output>
        </test-method> <!-- setup -->
        <test-method signature="loginTest()[pri:1, instance:com.emp.in.test.EmployeeHrTest@73eb439a]" started-at="2025-05-12T12:15:01 IST" name="loginTest" finished-at="2025-05-12T12:15:22 IST" duration-ms="21354" status="PASS">
          <reporter-output>
          </reporter-output>
        </test-method> <!-- loginTest -->
        <test-method signature="dashboardTest()[pri:2, instance:com.emp.in.test.EmployeeHrTest@73eb439a]" started-at="2025-05-12T12:15:22 IST" name="dashboardTest" finished-at="2025-05-12T12:15:27 IST" duration-ms="4899" status="PASS">
          <reporter-output>
          </reporter-output>
        </test-method> <!-- dashboardTest -->
        <test-method signature="updateDashboardTest()[pri:3, instance:com.emp.in.test.EmployeeHrTest@73eb439a]" started-at="2025-05-12T12:15:27 IST" name="updateDashboardTest" finished-at="2025-05-12T12:15:34 IST" duration-ms="7563" status="PASS">
          <reporter-output>
          </reporter-output>
        </test-method> <!-- updateDashboardTest -->
        <test-method signature="deleteDashboardTest()[pri:4, instance:com.emp.in.test.EmployeeHrTest@73eb439a]" started-at="2025-05-12T12:15:34 IST" name="deleteDashboardTest" finished-at="2025-05-12T12:15:42 IST" duration-ms="7211" status="PASS">
          <reporter-output>
          </reporter-output>
        </test-method> <!-- deleteDashboardTest -->
        <test-method signature="departmentTest()[pri:5, instance:com.emp.in.test.EmployeeHrTest@73eb439a]" started-at="2025-05-12T12:15:42 IST" name="departmentTest" finished-at="2025-05-12T12:15:48 IST" duration-ms="5996" status="PASS">
          <reporter-output>
          </reporter-output>
        </test-method> <!-- departmentTest -->
        <test-method signature="payrollTest()[pri:6, instance:com.emp.in.test.EmployeeHrTest@73eb439a]" started-at="2025-05-12T12:15:48 IST" name="payrollTest" finished-at="2025-05-12T12:15:53 IST" duration-ms="5155" status="PASS">
          <reporter-output>
          </reporter-output>
        </test-method> <!-- payrollTest -->
        <test-method signature="massengerTest()[pri:7, instance:com.emp.in.test.EmployeeHrTest@73eb439a]" started-at="2025-05-12T12:15:53 IST" name="massengerTest" finished-at="2025-05-12T12:16:01 IST" duration-ms="7830" status="PASS">
          <reporter-output>
          </reporter-output>
        </test-method> <!-- massengerTest -->
        <test-method signature="holidayTest()[pri:8, instance:com.emp.in.test.EmployeeHrTest@73eb439a]" started-at="2025-05-12T12:16:01 IST" name="holidayTest" finished-at="2025-05-12T12:16:12 IST" duration-ms="10829" status="PASS">
          <reporter-output>
          </reporter-output>
        </test-method> <!-- holidayTest -->
        <test-method signature="settingTest()[pri:9, instance:com.emp.in.test.EmployeeHrTest@73eb439a]" started-at="2025-05-12T12:16:12 IST" name="settingTest" finished-at="2025-05-12T12:16:17 IST" duration-ms="5249" status="PASS">
          <reporter-output>
          </reporter-output>
        </test-method> <!-- settingTest -->
        <test-method signature="leaveTest1()[pri:10, instance:com.emp.in.test.EmployeeHrTest@73eb439a]" started-at="2025-05-12T12:16:17 IST" name="leaveTest1" finished-at="2025-05-12T12:16:24 IST" duration-ms="7487" status="PASS">
          <reporter-output>
          </reporter-output>
        </test-method> <!-- leaveTest1 -->
        <test-method signature="leaveTest2()[pri:11, instance:com.emp.in.test.EmployeeHrTest@73eb439a]" started-at="2025-05-12T12:16:24 IST" name="leaveTest2" finished-at="2025-05-12T12:16:40 IST" duration-ms="15862" status="PASS">
          <reporter-output>
          </reporter-output>
        </test-method> <!-- leaveTest2 -->
        <test-method signature="leaveTest3()[pri:12, instance:com.emp.in.test.EmployeeHrTest@73eb439a]" started-at="2025-05-12T12:16:40 IST" name="leaveTest3" finished-at="2025-05-12T12:17:03 IST" duration-ms="22820" status="PASS">
          <reporter-output>
          </reporter-output>
        </test-method> <!-- leaveTest3 -->
        <test-method is-config="true" signature="tearDown()[pri:0, instance:com.emp.in.test.EmployeeHrTest@73eb439a]" started-at="2025-05-12T12:17:03 IST" name="tearDown" finished-at="2025-05-12T12:17:03 IST" duration-ms="1" status="PASS">
          <reporter-output>
          </reporter-output>
        </test-method> <!-- tearDown -->
      </class> <!-- com.emp.in.test.EmployeeHrTest -->
    </test> <!-- Default test -->
  </suite> <!-- Default suite -->
</testng-results>
