<?xml version="1.0" encoding="UTF-8"?>
<!-- Generated by org.testng.reporters.JUnitXMLReporter -->
<testsuite ignored="0" hostname="DHRUVIKA" failures="0" tests="10" name="Default test" time="81.154" errors="0" timestamp="2025-05-11T14:52:20 IST">
  <testcase classname="com.admin.in.test.AdminHrTest" name="loginTest" time="21.093"/>
  <testcase classname="com.admin.in.test.AdminHrTest" name="dashboardTest" time="4.533"/>
  <testcase classname="com.admin.in.test.AdminHrTest" name="deleteDashboardTest" time="2.112"/>
  <testcase classname="com.admin.in.test.AdminHrTest" name="addEmployeeTest" time="13.856"/>
  <testcase classname="com.admin.in.test.AdminHrTest" name="searchEmployeeTest" time="2.428"/>
  <testcase classname="com.admin.in.test.AdminHrTest" name="payrollTest" time="5.189"/>
  <testcase classname="com.admin.in.test.AdminHrTest" name="massengerTest" time="5.182"/>
  <testcase classname="com.admin.in.test.AdminHrTest" name="taskTest" time="7.191"/>
  <testcase classname="com.admin.in.test.AdminHrTest" name="settingTest" time="6.163"/>
  <testcase classname="com.admin.in.test.AdminHrTest" name="leaveTest" time="7.152"/>
</testsuite> <!-- Default test -->
