<?xml version="1.0" encoding="UTF-8"?>
<!-- Generated by org.testng.reporters.JUnitXMLReporter -->
<testsuite ignored="0" hostname="DHRUVIKA" failures="0" tests="12" name="Default test" time="132.386" errors="0" timestamp="2025-05-12T12:17:03 IST">
  <testcase classname="com.emp.in.test.EmployeeHrTest" name="loginTest" time="21.354"/>
  <testcase classname="com.emp.in.test.EmployeeHrTest" name="dashboardTest" time="4.899"/>
  <testcase classname="com.emp.in.test.EmployeeHrTest" name="updateDashboardTest" time="7.563"/>
  <testcase classname="com.emp.in.test.EmployeeHrTest" name="deleteDashboardTest" time="7.211"/>
  <testcase classname="com.emp.in.test.EmployeeHrTest" name="departmentTest" time="5.996"/>
  <testcase classname="com.emp.in.test.EmployeeHrTest" name="payrollTest" time="5.155"/>
  <testcase classname="com.emp.in.test.EmployeeHrTest" name="massengerTest" time="7.83"/>
  <testcase classname="com.emp.in.test.EmployeeHrTest" name="holidayTest" time="10.829"/>
  <testcase classname="com.emp.in.test.EmployeeHrTest" name="settingTest" time="5.249"/>
  <testcase classname="com.emp.in.test.EmployeeHrTest" name="leaveTest1" time="7.487"/>
  <testcase classname="com.emp.in.test.EmployeeHrTest" name="leaveTest2" time="15.862"/>
  <testcase classname="com.emp.in.test.EmployeeHrTest" name="leaveTest3" time="22.82"/>
</testsuite> <!-- Default test -->
