<?xml version="1.0" encoding="UTF-8"?>
<!-- Generated by org.testng.reporters.JUnitXMLReporter -->
<testsuite ignored="0" hostname="DHRUVIKA" failures="0" tests="12" name="Default test" time="126.807" errors="0" timestamp="2025-05-28T05:44:07 IST">
  <testcase classname="com.emp.in.test.EmployeeHrTest" name="loginTest" time="20.989"/>
  <testcase classname="com.emp.in.test.EmployeeHrTest" name="dashboardTest" time="4.846"/>
  <testcase classname="com.emp.in.test.EmployeeHrTest" name="updateDashboardTest" time="7.511"/>
  <testcase classname="com.emp.in.test.EmployeeHrTest" name="deleteDashboardTest" time="7.142"/>
  <testcase classname="com.emp.in.test.EmployeeHrTest" name="departmentTest" time="5.76"/>
  <testcase classname="com.emp.in.test.EmployeeHrTest" name="payrollTest" time="5.186"/>
  <testcase classname="com.emp.in.test.EmployeeHrTest" name="massengerTest" time="7.642"/>
  <testcase classname="com.emp.in.test.EmployeeHrTest" name="holidayTest" time="10.612"/>
  <testcase classname="com.emp.in.test.EmployeeHrTest" name="settingTest" time="5.184"/>
  <testcase classname="com.emp.in.test.EmployeeHrTest" name="leaveTest1" time="7.444"/>
  <testcase classname="com.emp.in.test.EmployeeHrTest" name="leaveTest2" time="16.014"/>
  <testcase classname="com.emp.in.test.EmployeeHrTest" name="leaveTest3" time="22.513"/>
</testsuite> <!-- Default test -->
