<?xml version="1.0" encoding="UTF-8"?>
<testng-results ignored="0" total="10" passed="10" failed="0" skipped="0">
  <reporter-output>
  </reporter-output>
  <suite started-at="2025-05-11T14:50:59 IST" name="Default suite" finished-at="2025-05-11T14:52:20 IST" duration-ms="81154">
    <groups>
    </groups>
    <test started-at="2025-05-11T14:50:59 IST" name="Default test" finished-at="2025-05-11T14:52:20 IST" duration-ms="81154">
      <class name="com.admin.in.test.AdminHrTest">
        <test-method is-config="true" signature="setup()[pri:0, instance:com.admin.in.test.AdminHrTest@28dcca0c]" started-at="2025-05-11T14:50:59 IST" name="setup" finished-at="2025-05-11T14:51:05 IST" duration-ms="6114" status="PASS">
          <reporter-output>
          </reporter-output>
        </test-method> <!-- setup -->
        <test-method signature="loginTest()[pri:1, instance:com.admin.in.test.AdminHrTest@28dcca0c]" started-at="2025-05-11T14:51:05 IST" name="loginTest" finished-at="2025-05-11T14:51:26 IST" duration-ms="21093" status="PASS">
          <reporter-output>
          </reporter-output>
        </test-method> <!-- loginTest -->
        <test-method signature="dashboardTest()[pri:2, instance:com.admin.in.test.AdminHrTest@28dcca0c]" started-at="2025-05-11T14:51:26 IST" name="dashboardTest" finished-at="2025-05-11T14:51:31 IST" duration-ms="4533" status="PASS">
          <reporter-output>
          </reporter-output>
        </test-method> <!-- dashboardTest -->
        <test-method signature="deleteDashboardTest()[pri:4, instance:com.admin.in.test.AdminHrTest@28dcca0c]" started-at="2025-05-11T14:51:31 IST" name="deleteDashboardTest" finished-at="2025-05-11T14:51:33 IST" duration-ms="2112" status="PASS">
          <reporter-output>
          </reporter-output>
        </test-method> <!-- deleteDashboardTest -->
        <test-method signature="addEmployeeTest()[pri:5, instance:com.admin.in.test.AdminHrTest@28dcca0c]" started-at="2025-05-11T14:51:33 IST" name="addEmployeeTest" finished-at="2025-05-11T14:51:47 IST" duration-ms="13856" status="PASS">
          <reporter-output>
          </reporter-output>
        </test-method> <!-- addEmployeeTest -->
        <test-method signature="searchEmployeeTest()[pri:6, instance:com.admin.in.test.AdminHrTest@28dcca0c]" started-at="2025-05-11T14:51:47 IST" name="searchEmployeeTest" finished-at="2025-05-11T14:51:49 IST" duration-ms="2428" status="PASS">
          <reporter-output>
          </reporter-output>
        </test-method> <!-- searchEmployeeTest -->
        <test-method signature="payrollTest()[pri:10, instance:com.admin.in.test.AdminHrTest@28dcca0c]" started-at="2025-05-11T14:51:49 IST" name="payrollTest" finished-at="2025-05-11T14:51:54 IST" duration-ms="5189" status="PASS">
          <reporter-output>
          </reporter-output>
        </test-method> <!-- payrollTest -->
        <test-method signature="massengerTest()[pri:11, instance:com.admin.in.test.AdminHrTest@28dcca0c]" started-at="2025-05-11T14:51:54 IST" name="massengerTest" finished-at="2025-05-11T14:52:00 IST" duration-ms="5182" status="PASS">
          <reporter-output>
          </reporter-output>
        </test-method> <!-- massengerTest -->
        <test-method signature="taskTest()[pri:12, instance:com.admin.in.test.AdminHrTest@28dcca0c]" started-at="2025-05-11T14:52:00 IST" name="taskTest" finished-at="2025-05-11T14:52:07 IST" duration-ms="7191" status="PASS">
          <reporter-output>
          </reporter-output>
        </test-method> <!-- taskTest -->
        <test-method signature="settingTest()[pri:13, instance:com.admin.in.test.AdminHrTest@28dcca0c]" started-at="2025-05-11T14:52:07 IST" name="settingTest" finished-at="2025-05-11T14:52:13 IST" duration-ms="6163" status="PASS">
          <reporter-output>
          </reporter-output>
        </test-method> <!-- settingTest -->
        <test-method signature="leaveTest()[pri:14, instance:com.admin.in.test.AdminHrTest@28dcca0c]" started-at="2025-05-11T14:52:13 IST" name="leaveTest" finished-at="2025-05-11T14:52:20 IST" duration-ms="7152" status="PASS">
          <reporter-output>
          </reporter-output>
        </test-method> <!-- leaveTest -->
        <test-method is-config="true" signature="tearDown()[pri:0, instance:com.admin.in.test.AdminHrTest@28dcca0c]" started-at="2025-05-11T14:52:20 IST" name="tearDown" finished-at="2025-05-11T14:52:20 IST" duration-ms="1" status="PASS">
          <reporter-output>
          </reporter-output>
        </test-method> <!-- tearDown -->
      </class> <!-- com.admin.in.test.AdminHrTest -->
    </test> <!-- Default test -->
  </suite> <!-- Default suite -->
</testng-results>
